# JRE version: Java(TM) SE Runtime Environment (24.0+36) (build 24+36-3646)
# Java VM: Java HotSpot(TM) 64-Bit Server VM (24+36-3646, mixed mode, emulated-client, sharing, tiered, compressed oops, compressed class ptrs, g1 gc, windows-amd64)
GC Precious Log:
 CardTable entry size: 512
 Card Set container configuration: InlinePtr #cards 4 size 8 Array Of Cards #cards 16 size 48 Howl #buckets 8 coarsen threshold 3686 Howl Bitmap #cards 512 size 80 coarsen threshold 460 Card regions per heap region 1 cards per card region 4096
 CPUs: 20 total, 20 available
 Memory: 16003M
 Large Page Support: Disabled
 NUMA Support: Disabled
 Compressed Oops: Enabled (Zero based)
 Heap Region Size: 2M
 Heap Min Capacity: 8M
 Heap Initial Capacity: 252M
 Heap Max Capacity: 4002M
 Pre-touch: Disabled
 Parallel Workers: 15
 Concurrent Workers: 4
 Concurrent Refinement Workers: 15
 Periodic GC: Disabled
Heap:
 garbage-first heap   total reserved 4098048K, committed 104448K, used 74843K [0x0000000705e00000, 0x0000000800000000)
  region size 2048K, 24 young (49152K), 3 survivors (6144K)
 Metaspace       used 81855K, committed 82496K, reserved 1179648K
  class space    used 9097K, committed 9344K, reserved 1048576K
GC Heap History (20 events):
Event: 1.233 GC heap before
{Heap before GC invocations=4 (full 0):
 garbage-first heap   total reserved 4098048K, committed 69632K, used 41441K [0x0000000705e00000, 0x0000000800000000)
  region size 2048K, 20 young (40960K), 7 survivors (14336K)
 Metaspace       used 30738K, committed 31040K, reserved 1114112K
  class space    used 3237K, committed 3392K, reserved 1048576K
}
Event: 1.240 GC heap after
{Heap after GC invocations=5 (full 0):
 garbage-first heap   total reserved 4098048K, committed 69632K, used 17997K [0x0000000705e00000, 0x0000000800000000)
  region size 2048K, 2 young (4096K), 2 survivors (4096K)
 Metaspace       used 30738K, committed 31040K, reserved 1114112K
  class space    used 3237K, committed 3392K, reserved 1048576K
}
Event: 1.499 GC heap before
{Heap before GC invocations=5 (full 0):
 garbage-first heap   total reserved 4098048K, committed 69632K, used 48717K [0x0000000705e00000, 0x0000000800000000)
  region size 2048K, 17 young (34816K), 2 survivors (4096K)
 Metaspace       used 34435K, committed 34752K, reserved 1114112K
  class space    used 3656K, committed 3776K, reserved 1048576K
}
Event: 1.503 GC heap after
{Heap after GC invocations=6 (full 0):
 garbage-first heap   total reserved 4098048K, committed 69632K, used 19779K [0x0000000705e00000, 0x0000000800000000)
  region size 2048K, 3 young (6144K), 3 survivors (6144K)
 Metaspace       used 34435K, committed 34752K, reserved 1114112K
  class space    used 3656K, committed 3776K, reserved 1048576K
}
Event: 1.620 GC heap before
{Heap before GC invocations=6 (full 0):
 garbage-first heap   total reserved 4098048K, committed 69632K, used 32067K [0x0000000705e00000, 0x0000000800000000)
  region size 2048K, 10 young (20480K), 3 survivors (6144K)
 Metaspace       used 35989K, committed 36288K, reserved 1114112K
  class space    used 3848K, committed 3968K, reserved 1048576K
}
Event: 1.624 GC heap after
{Heap after GC invocations=7 (full 0):
 garbage-first heap   total reserved 4098048K, committed 69632K, used 20691K [0x0000000705e00000, 0x0000000800000000)
  region size 2048K, 2 young (4096K), 2 survivors (4096K)
 Metaspace       used 35989K, committed 36288K, reserved 1114112K
  class space    used 3848K, committed 3968K, reserved 1048576K
}
Event: 1.922 GC heap before
{Heap before GC invocations=8 (full 0):
 garbage-first heap   total reserved 4098048K, committed 69632K, used 53459K [0x0000000705e00000, 0x0000000800000000)
  region size 2048K, 18 young (36864K), 2 survivors (4096K)
 Metaspace       used 41119K, committed 41536K, reserved 1114112K
  class space    used 4440K, committed 4608K, reserved 1048576K
}
Event: 1.927 GC heap after
{Heap after GC invocations=9 (full 0):
 garbage-first heap   total reserved 4098048K, committed 69632K, used 23433K [0x0000000705e00000, 0x0000000800000000)
  region size 2048K, 3 young (6144K), 3 survivors (6144K)
 Metaspace       used 41119K, committed 41536K, reserved 1114112K
  class space    used 4440K, committed 4608K, reserved 1048576K
}
Event: 2.236 GC heap before
{Heap before GC invocations=9 (full 0):
 garbage-first heap   total reserved 4098048K, committed 69632K, used 54153K [0x0000000705e00000, 0x0000000800000000)
  region size 2048K, 19 young (38912K), 3 survivors (6144K)
 Metaspace       used 46720K, committed 47232K, reserved 1114112K
  class space    used 5032K, committed 5248K, reserved 1048576K
}
Event: 2.244 GC heap after
{Heap after GC invocations=10 (full 0):
 garbage-first heap   total reserved 4098048K, committed 86016K, used 25217K [0x0000000705e00000, 0x0000000800000000)
  region size 2048K, 3 young (6144K), 3 survivors (6144K)
 Metaspace       used 46720K, committed 47232K, reserved 1114112K
  class space    used 5032K, committed 5248K, reserved 1048576K
}
Event: 2.709 GC heap before
{Heap before GC invocations=10 (full 0):
 garbage-first heap   total reserved 4098048K, committed 86016K, used 66177K [0x0000000705e00000, 0x0000000800000000)
  region size 2048K, 24 young (49152K), 3 survivors (6144K)
 Metaspace       used 56495K, committed 56896K, reserved 1114112K
  class space    used 5969K, committed 6144K, reserved 1048576K
}
Event: 2.715 GC heap after
{Heap after GC invocations=11 (full 0):
 garbage-first heap   total reserved 4098048K, committed 86016K, used 27638K [0x0000000705e00000, 0x0000000800000000)
  region size 2048K, 3 young (6144K), 3 survivors (6144K)
 Metaspace       used 56495K, committed 56896K, reserved 1114112K
  class space    used 5969K, committed 6144K, reserved 1048576K
}
Event: 2.856 GC heap before
{Heap before GC invocations=11 (full 0):
 garbage-first heap   total reserved 4098048K, committed 86016K, used 39926K [0x0000000705e00000, 0x0000000800000000)
  region size 2048K, 10 young (20480K), 3 survivors (6144K)
 Metaspace       used 60132K, committed 60608K, reserved 1114112K
  class space    used 6438K, committed 6656K, reserved 1048576K
}
Event: 2.861 GC heap after
{Heap after GC invocations=12 (full 0):
 garbage-first heap   total reserved 4098048K, committed 86016K, used 28654K [0x0000000705e00000, 0x0000000800000000)
  region size 2048K, 2 young (4096K), 2 survivors (4096K)
 Metaspace       used 60132K, committed 60608K, reserved 1114112K
  class space    used 6438K, committed 6656K, reserved 1048576K
}
Event: 3.356 GC heap before
{Heap before GC invocations=13 (full 0):
 garbage-first heap   total reserved 4098048K, committed 86016K, used 69614K [0x0000000705e00000, 0x0000000800000000)
  region size 2048K, 23 young (47104K), 2 survivors (4096K)
 Metaspace       used 68396K, committed 68928K, reserved 1114112K
  class space    used 7384K, committed 7616K, reserved 1048576K
}
Event: 3.361 GC heap after
{Heap after GC invocations=14 (full 0):
 garbage-first heap   total reserved 4098048K, committed 86016K, used 30723K [0x0000000705e00000, 0x0000000800000000)
  region size 2048K, 3 young (6144K), 3 survivors (6144K)
 Metaspace       used 68396K, committed 68928K, reserved 1114112K
  class space    used 7384K, committed 7616K, reserved 1048576K
}
Event: 3.714 GC heap before
{Heap before GC invocations=14 (full 0):
 garbage-first heap   total reserved 4098048K, committed 86016K, used 71683K [0x0000000705e00000, 0x0000000800000000)
  region size 2048K, 23 young (47104K), 3 survivors (6144K)
 Metaspace       used 72840K, committed 73472K, reserved 1179648K
  class space    used 7937K, committed 8192K, reserved 1048576K
}
Event: 3.718 GC heap after
{Heap after GC invocations=15 (full 0):
 garbage-first heap   total reserved 4098048K, committed 86016K, used 32738K [0x0000000705e00000, 0x0000000800000000)
  region size 2048K, 3 young (6144K), 3 survivors (6144K)
 Metaspace       used 72840K, committed 73472K, reserved 1179648K
  class space    used 7937K, committed 8192K, reserved 1048576K
}
Event: 4.058 GC heap before
{Heap before GC invocations=15 (full 0):
 garbage-first heap   total reserved 4098048K, committed 86016K, used 71650K [0x0000000705e00000, 0x0000000800000000)
  region size 2048K, 22 young (45056K), 3 survivors (6144K)
 Metaspace       used 76291K, committed 76864K, reserved 1179648K
  class space    used 8377K, committed 8640K, reserved 1048576K
}
Event: 4.062 GC heap after
{Heap after GC invocations=16 (full 0):
 garbage-first heap   total reserved 4098048K, committed 104448K, used 35931K [0x0000000705e00000, 0x0000000800000000)
  region size 2048K, 3 young (6144K), 3 survivors (6144K)
 Metaspace       used 76291K, committed 76864K, reserved 1179648K
  class space    used 8377K, committed 8640K, reserved 1048576K
}

